<?xml version="1.0" encoding="UTF-8"?>
<!-- Generated by org.testng.reporters.JUnitXMLReporter -->
<testsuite ignored="0" hostname="LAPTOP-MGA7ER62" failures="0" tests="3" name="Surefire test" time="20.685" errors="0" timestamp="2026-07-20T18:14:55 IST">
  <testcase classname="tests.SmokeTests" name="homePageLoads_andModalOpens" time="0.874"/>
  <testcase classname="tests.SmokeTests" name="login_then_dashboard_shows_email" time="0.993"/>
  <testcase classname="tests.SmokeTests" name="products_addToCart_incrementsBadge" time="0.491"/>
</testsuite> <!-- Surefire test -->
