<?xml version="1.0" encoding="UTF-8"?>
<!-- Generated by org.testng.reporters.JUnitReportReporter -->
<testsuite hostname="LAPTOP-MGA7ER62" failures="0" tests="3" name="tests.SmokeTests" time="2.358" errors="0" timestamp="2026-07-20T18:14:55 IST" skipped="0">
  <testcase classname="tests.SmokeTests" name="homePageLoads_andModalOpens" time="0.874"/>
  <testcase classname="tests.SmokeTests" name="login_then_dashboard_shows_email" time="0.993"/>
  <testcase classname="tests.SmokeTests" name="products_addToCart_incrementsBadge" time="0.491"/>
</testsuite> <!-- tests.SmokeTests -->
